Arguments: 
  /Users/yamiteru/.nvm/versions/node/v16.14.0/bin/node /opt/homebrew/Cellar/yarn/1.22.19/libexec/bin/yarn.js

PATH: 
  /Users/yamiteru/.nvm/versions/node/v16.14.0/bin:/Users/yamiteru/Library/pnpm:/Library/Frameworks/Python.framework/Versions/3.10/bin:/opt/homebrew/bin:/opt/homebrew/sbin:/usr/local/bin:/usr/bin:/bin:/usr/sbin:/sbin:~/.emacs.d/bin:/Users/yamiteru/.cargo/bin:/usr/local/go/bin:/Applications/Little Snitch.app/Contents/Components:/Library/Apple/usr/bin:/Library/Frameworks/Python.framework/Versions/3.10/bin:/opt/homebrew/bin:/opt/homebrew/sbin:/Users/yamiteru/Library/pnpm

Yarn version: 
  1.22.19

Node version: 
  16.14.0

Platform: 
  darwin arm64

Trace: 
  Error: ENOENT: no such file or directory, copyfile '/Users/yamiteru/Library/Caches/Yarn/v6/npm-globby-11.1.0-bd4be98bb042f83d796f7e3811991fbe82a0d34b-integrity/node_modules/globby/gitignore.js' -> '/Users/yamiteru/dev/itter/node_modules/@typescript-eslint/typescript-estree/node_modules/globby/gitignore.js'

npm manifest: 
  {
    "name": "emiteru",
    "version": "1.0.0",
    "scripts": {
      "fix:format": "prettier --write \"**/*.ts\"",
      "fix:lint": "eslint --fix --ext .ts .",
      "fix": "pnpm fix:lint && pnpm fix:format",
      "check:format": "prettier --check \"**/*.ts\"",
      "check:lint": "eslint --ext .ts .",
      "check": "pnpm check:lint && pnpm check:format",
      "test:coverage": "jest --collectCoverage",
      "test": "jest",
      "build": "pnpm spack",
      "prepublishOnly": "pnpm test && pnpm build",
      "release": "release-it"
    },
    "license": "MIT",
    "devDependencies": {
      "@swc/cli": "0.1.57",
      "@swc/core": "1.3.18",
      "@swc/helpers": "0.4.13",
      "@types/jest": "29.2.3",
      "@typescript-eslint/eslint-plugin": "5.43.0",
      "@typescript-eslint/parser": "5.43.0",
      "auto-changelog": "2.4.0",
      "eslint": "8.27.0",
      "eslint-config-prettier": "8.5.0",
      "husky": "8.0.2",
      "jest": "29.3.1",
      "prettier": "2.7.1",
      "release-it": "15.5.0",
      "ts-jest": "29.0.3",
      "typescript": "4.9.3"
    }
  }

yarn manifest: 
  No manifest

Lockfile: 
  No lockfile
